-------------------------------------------------------------------------------
Test set: com.app.testrunner.TestRunner
-------------------------------------------------------------------------------
Tests run: 12, Failures: 3, Errors: 0, Skipped: 0, Time elapsed: 125.6 s <<< FAILURE! -- in com.app.testrunner.TestRunner
Login with valid credentials.Login Data Driven #2 -- Time elapsed: 12.71 s <<< FAILURE!
java.lang.AssertionError: expected:<true> but was:<false>
	at org.junit.Assert.fail(Assert.java:89)
	at org.junit.Assert.failNotEquals(Assert.java:835)
	at org.junit.Assert.assertEquals(Assert.java:120)
	at org.junit.Assert.assertEquals(Assert.java:146)
	at com.app.stepdefinitions.LoginStepDefinitionTest.the_user_should_be_redirected_to_the_MyAccount_page(LoginStepDefinitionTest.java:52)
	at ✽.the user should be redirected to the MyAccount page(file:///C:/ws/opencart_cucumber/Opencart_cucumber/./src/test/java/com/app/features/Login.feature:24)

Login Data Driven with Excel.Login Data Driven Excel #3 -- Time elapsed: 7.840 s <<< FAILURE!
java.lang.AssertionError
	at org.junit.Assert.fail(Assert.java:87)
	at org.junit.Assert.assertTrue(Assert.java:42)
	at org.junit.Assert.assertTrue(Assert.java:53)
	at com.app.stepdefinitions.LoginStepDefinitionTest.check_user_navigates_to_my_account_page_by_passing_email_and_password_with_excel_data(LoginStepDefinitionTest.java:86)
	at ✽.the user should be redirected to the MyAccount Page by passing email and password with excel row "3"(file:///C:/ws/opencart_cucumber/Opencart_cucumber/./src/test/java/com/app/features/LoginDDTExcel.feature:6)

Login Data Driven with Excel.Login Data Driven Excel #5 -- Time elapsed: 12.63 s <<< FAILURE!
java.lang.AssertionError
	at org.junit.Assert.fail(Assert.java:87)
	at org.junit.Assert.assertTrue(Assert.java:42)
	at org.junit.Assert.assertTrue(Assert.java:53)
	at com.app.stepdefinitions.LoginStepDefinitionTest.check_user_navigates_to_my_account_page_by_passing_email_and_password_with_excel_data(LoginStepDefinitionTest.java:79)
	at ✽.the user should be redirected to the MyAccount Page by passing email and password with excel row "5"(file:///C:/ws/opencart_cucumber/Opencart_cucumber/./src/test/java/com/app/features/LoginDDTExcel.feature:6)

