<?xml version="1.0" encoding="UTF-8"?>
<testsuite xmlns:xsi="http://www.w3.org/2001/XMLSchema-instance" xsi:noNamespaceSchemaLocation="https://maven.apache.org/surefire/maven-surefire-plugin/xsd/surefire-test-report-3.0.xsd" version="3.0" name="com.app.testrunner.TestRunner" time="125.621" tests="12" errors="0" skipped="0" failures="3">
  <properties>
[...]
</properties>
  <testcase name="Verify the page URL and title" classname="Verify the URL and Title of the page" time="7.689">
    <system-out><![CDATA[
@sanitytest
Scenario: Verify the page URL and title          # src/test/java/com/app/features/Dashboard.feature:4
  Given the user navigates to the dashboard page # com.app.stepdefinitions.DashboardStepDefinitionTest.the_user_navigates_to_the_dashboard_page()
  When verify the page URL                       # com.app.stepdefinitions.DashboardStepDefinitionTest.verify_the_page_url()
  Then verify the page title                     # com.app.stepdefinitions.DashboardStepDefinitionTest.verify_the_page_title()
]]></system-out>
  </testcase>
  <testcase name="Successfully product added to wish list" classname="User should search the product and added to wishlist" time="11.9">
    <system-out><![CDATA[
@regressiontest
Scenario: Successfully product added to wish list                                       # src/test/java/com/app/features/EndToEndWishList.feature:4
  Given the user navigates to login page                                                # com.app.stepdefinitions.LoginStepDefinitionTest.the_user_navigates_to_login_page()
  And user enters valid email as "akbarshaik911@gmail.com" and password as "Akbar@0326" # com.app.stepdefinitions.LoginStepDefinitionTest.user_enters_valid_email_as_email_and_password_as_password(java.lang.String,java.lang.String)
  When user search the item "MacBook"                                                   # com.app.stepdefinitions.MyAccountPageStepDefinitionTest.user_search_the_item(java.lang.String)
  And add searched item "MacBook" to wish list                                          # com.app.stepdefinitions.MyAccountPageStepDefinitionTest.add_searched_item_to_wishlist(java.lang.String)
  Then go to the wishlist page                                                          # com.app.stepdefinitions.MyAccountPageStepDefinitionTest.go_to_the_wishlist_page()
  And verify the item "MacBook" added to the cart                                       # com.app.stepdefinitions.WishListStepDefinition.verify_the_item_added_to_the_cart(java.lang.String)
]]></system-out>
  </testcase>
  <testcase name="Successful login with valid credentials" classname="Login with valid credentials" time="8.679">
    <system-out><![CDATA[
@sanitytest
Scenario: Successful login with valid credentials                                  # src/test/java/com/app/features/Login.feature:4
  Given the user navigates to login page                                           # com.app.stepdefinitions.LoginStepDefinitionTest.the_user_navigates_to_login_page()
  When user enters email as "akbarshaik911@gmail.com" and password as "Akbar@0326" # com.app.stepdefinitions.LoginStepDefinitionTest.user_enters_email_as_email_and_password_as_password(java.lang.String,java.lang.String)
  And the user clicks on the login button                                          # com.app.stepdefinitions.LoginStepDefinitionTest.the_user_clicks_on_the_login_button()
  Then the user should be redirected to the MyAccount page                         # com.app.stepdefinitions.LoginStepDefinitionTest.the_user_should_be_redirected_to_the_MyAccount_page()
]]></system-out>
  </testcase>
  <testcase name="Successful login with valid credentials using datatable" classname="Login with valid credentials" time="8.111">
    <system-out><![CDATA[
@regressiontest
Scenario: Successful login with valid credentials using datatable # src/test/java/com/app/features/Login.feature:11
  Given the user navigates to login page                          # com.app.stepdefinitions.LoginStepDefinitionTest.the_user_navigates_to_login_page()
  When user enters the following credentials:                     # com.app.stepdefinitions.LoginStepDefinitionTest.user_enters_the_following_credentials(io.cucumber.datatable.DataTable)
    | email                   | password   |
    | akbarshaik911@gmail.com | Akbar@0326 |
  And the user clicks on the login button                         # com.app.stepdefinitions.LoginStepDefinitionTest.the_user_clicks_on_the_login_button()
  Then the user should be redirected to the MyAccount page        # com.app.stepdefinitions.LoginStepDefinitionTest.the_user_should_be_redirected_to_the_MyAccount_page()
]]></system-out>
  </testcase>
  <testcase name="Login Data Driven #1" classname="Login with valid credentials" time="7.619">
    <system-out><![CDATA[
@sanitytest
Scenario Outline: Login Data Driven                                       # src/test/java/com/app/features/Login.feature:28
  Given the user navigates to login page                                  # com.app.stepdefinitions.LoginStepDefinitionTest.the_user_navigates_to_login_page()
  When user enters email as "pavanol@gmail.com" and password as "test123" # com.app.stepdefinitions.LoginStepDefinitionTest.user_enters_email_as_email_and_password_as_password(java.lang.String,java.lang.String)
  And the user clicks on the login button                                 # com.app.stepdefinitions.LoginStepDefinitionTest.the_user_clicks_on_the_login_button()
  Then the user should be redirected to the MyAccount page                # com.app.stepdefinitions.LoginStepDefinitionTest.the_user_should_be_redirected_to_the_MyAccount_page()
]]></system-out>
  </testcase>
  <testcase name="Login Data Driven #2" classname="Login with valid credentials" time="12.707">
    <failure message="expected:&lt;true&gt; but was:&lt;false&gt;" type="java.lang.AssertionError"><![CDATA[java.lang.AssertionError: expected:<true> but was:<false>
	at org.junit.Assert.fail(Assert.java:89)
	at org.junit.Assert.failNotEquals(Assert.java:835)
	at org.junit.Assert.assertEquals(Assert.java:120)
	at org.junit.Assert.assertEquals(Assert.java:146)
	at com.app.stepdefinitions.LoginStepDefinitionTest.the_user_should_be_redirected_to_the_MyAccount_page(LoginStepDefinitionTest.java:52)
	at ✽.the user should be redirected to the MyAccount page(file:///C:/ws/opencart_cucumber/Opencart_cucumber/./src/test/java/com/app/features/Login.feature:24)
]]></failure>
    <system-out><![CDATA[
@sanitytest
Scenario Outline: Login Data Driven                                                # src/test/java/com/app/features/Login.feature:29
  Given the user navigates to login page                                           # com.app.stepdefinitions.LoginStepDefinitionTest.the_user_navigates_to_login_page()
  When user enters email as "pavanlotraining@gmail.com" and password as "test@123" # com.app.stepdefinitions.LoginStepDefinitionTest.user_enters_email_as_email_and_password_as_password(java.lang.String,java.lang.String)
  And the user clicks on the login button                                          # com.app.stepdefinitions.LoginStepDefinitionTest.the_user_clicks_on_the_login_button()
  Then the user should be redirected to the MyAccount page                         # com.app.stepdefinitions.LoginStepDefinitionTest.the_user_should_be_redirected_to_the_MyAccount_page()
      java.lang.AssertionError: expected:<true> but was:<false>
	at org.junit.Assert.fail(Assert.java:89)
	at org.junit.Assert.failNotEquals(Assert.java:835)
	at org.junit.Assert.assertEquals(Assert.java:120)
	at org.junit.Assert.assertEquals(Assert.java:146)
	at com.app.stepdefinitions.LoginStepDefinitionTest.the_user_should_be_redirected_to_the_MyAccount_page(LoginStepDefinitionTest.java:52)
	at âœ½.the user should be redirected to the MyAccount page(file:///C:/ws/opencart_cucumber/Opencart_cucumber/./src/test/java/com/app/features/Login.feature:24)


    Embedding Login Data Driven [image/png 117202 bytes]

]]></system-out>
  </testcase>
  <testcase name="Login Data Driven Excel #1" classname="Login Data Driven with Excel" time="14.729">
    <system-out><![CDATA[
@functionaltest
Scenario Outline: Login Data Driven Excel                                                                   # src/test/java/com/app/features/LoginDDTExcel.feature:10
  Given the user navigates to login page                                                                    # com.app.stepdefinitions.LoginStepDefinitionTest.the_user_navigates_to_login_page()
target page: false
  Then the user should be redirected to the MyAccount Page by passing email and password with excel row "1" # com.app.stepdefinitions.LoginStepDefinitionTest.check_user_navigates_to_my_account_page_by_passing_email_and_password_with_excel_data(java.lang.String)
]]></system-out>
  </testcase>
  <testcase name="Login Data Driven Excel #2" classname="Login Data Driven with Excel" time="7.968">
    <system-out><![CDATA[
@functionaltest
Scenario Outline: Login Data Driven Excel                                                                   # src/test/java/com/app/features/LoginDDTExcel.feature:11
  Given the user navigates to login page                                                                    # com.app.stepdefinitions.LoginStepDefinitionTest.the_user_navigates_to_login_page()
target page: true
  Then the user should be redirected to the MyAccount Page by passing email and password with excel row "2" # com.app.stepdefinitions.LoginStepDefinitionTest.check_user_navigates_to_my_account_page_by_passing_email_and_password_with_excel_data(java.lang.String)
]]></system-out>
  </testcase>
  <testcase name="Login Data Driven Excel #3" classname="Login Data Driven with Excel" time="7.84">
    <failure type="java.lang.AssertionError"><![CDATA[java.lang.AssertionError
	at org.junit.Assert.fail(Assert.java:87)
	at org.junit.Assert.assertTrue(Assert.java:42)
	at org.junit.Assert.assertTrue(Assert.java:53)
	at com.app.stepdefinitions.LoginStepDefinitionTest.check_user_navigates_to_my_account_page_by_passing_email_and_password_with_excel_data(LoginStepDefinitionTest.java:86)
	at ✽.the user should be redirected to the MyAccount Page by passing email and password with excel row "3"(file:///C:/ws/opencart_cucumber/Opencart_cucumber/./src/test/java/com/app/features/LoginDDTExcel.feature:6)
]]></failure>
    <system-out><![CDATA[
@functionaltest
Scenario Outline: Login Data Driven Excel                                                                   # src/test/java/com/app/features/LoginDDTExcel.feature:12
  Given the user navigates to login page                                                                    # com.app.stepdefinitions.LoginStepDefinitionTest.the_user_navigates_to_login_page()
target page: true
  Then the user should be redirected to the MyAccount Page by passing email and password with excel row "3" # com.app.stepdefinitions.LoginStepDefinitionTest.check_user_navigates_to_my_account_page_by_passing_email_and_password_with_excel_data(java.lang.String)
      java.lang.AssertionError
	at org.junit.Assert.fail(Assert.java:87)
	at org.junit.Assert.assertTrue(Assert.java:42)
	at org.junit.Assert.assertTrue(Assert.java:53)
	at com.app.stepdefinitions.LoginStepDefinitionTest.check_user_navigates_to_my_account_page_by_passing_email_and_password_with_excel_data(LoginStepDefinitionTest.java:86)
	at âœ½.the user should be redirected to the MyAccount Page by passing email and password with excel row "3"(file:///C:/ws/opencart_cucumber/Opencart_cucumber/./src/test/java/com/app/features/LoginDDTExcel.feature:6)


    Embedding Login Data Driven Excel [image/png 99435 bytes]

]]></system-out>
  </testcase>
  <testcase name="Login Data Driven Excel #4" classname="Login Data Driven with Excel" time="12.478">
    <system-out><![CDATA[
@functionaltest
Scenario Outline: Login Data Driven Excel                                                                   # src/test/java/com/app/features/LoginDDTExcel.feature:13
  Given the user navigates to login page                                                                    # com.app.stepdefinitions.LoginStepDefinitionTest.the_user_navigates_to_login_page()
target page: false
  Then the user should be redirected to the MyAccount Page by passing email and password with excel row "4" # com.app.stepdefinitions.LoginStepDefinitionTest.check_user_navigates_to_my_account_page_by_passing_email_and_password_with_excel_data(java.lang.String)
]]></system-out>
  </testcase>
  <testcase name="Login Data Driven Excel #5" classname="Login Data Driven with Excel" time="12.632">
    <failure type="java.lang.AssertionError"><![CDATA[java.lang.AssertionError
	at org.junit.Assert.fail(Assert.java:87)
	at org.junit.Assert.assertTrue(Assert.java:42)
	at org.junit.Assert.assertTrue(Assert.java:53)
	at com.app.stepdefinitions.LoginStepDefinitionTest.check_user_navigates_to_my_account_page_by_passing_email_and_password_with_excel_data(LoginStepDefinitionTest.java:79)
	at ✽.the user should be redirected to the MyAccount Page by passing email and password with excel row "5"(file:///C:/ws/opencart_cucumber/Opencart_cucumber/./src/test/java/com/app/features/LoginDDTExcel.feature:6)
]]></failure>
    <system-out><![CDATA[
@functionaltest
Scenario Outline: Login Data Driven Excel                                                                   # src/test/java/com/app/features/LoginDDTExcel.feature:14
  Given the user navigates to login page                                                                    # com.app.stepdefinitions.LoginStepDefinitionTest.the_user_navigates_to_login_page()
target page: false
  Then the user should be redirected to the MyAccount Page by passing email and password with excel row "5" # com.app.stepdefinitions.LoginStepDefinitionTest.check_user_navigates_to_my_account_page_by_passing_email_and_password_with_excel_data(java.lang.String)
      java.lang.AssertionError
	at org.junit.Assert.fail(Assert.java:87)
	at org.junit.Assert.assertTrue(Assert.java:42)
	at org.junit.Assert.assertTrue(Assert.java:53)
	at com.app.stepdefinitions.LoginStepDefinitionTest.check_user_navigates_to_my_account_page_by_passing_email_and_password_with_excel_data(LoginStepDefinitionTest.java:79)
	at âœ½.the user should be redirected to the MyAccount Page by passing email and password with excel row "5"(file:///C:/ws/opencart_cucumber/Opencart_cucumber/./src/test/java/com/app/features/LoginDDTExcel.feature:6)


    Embedding Login Data Driven Excel [image/png 115995 bytes]

]]></system-out>
  </testcase>
  <testcase name="Successful Account Registration" classname="Account Registration" time="8.191">
    <system-out><![CDATA[
@regressiontest
Scenario: Successful Account Registration               # src/test/java/com/app/features/Registration.feature:4
  Given the user navigates to Register Account page     # com.app.stepdefinitions.RegistrationStepDefinitionTest.the_user_navigates_to_Register_Account_page()
  When the user enters the details in below fields      # com.app.stepdefinitions.RegistrationStepDefinitionTest.the_user_enters_the_details_in_below_fields(io.cucumber.datatable.DataTable)
    | firstName | Jhon       |
    | lastName  | Kenedy     |
    | telephone | 1234567890 |
    | password  | test@123   |
  And the user selects Privacy Policy                   # com.app.stepdefinitions.RegistrationStepDefinitionTest.the_user_selects_Privacy_Policy()
  And the user clicks on Continue button                # com.app.stepdefinitions.RegistrationStepDefinitionTest.the_user_clicks_on_Continue_button()
  Then the user account should get created successfully # com.app.stepdefinitions.RegistrationStepDefinitionTest.the_user_account_should_get_created_successfully()
]]></system-out>
  </testcase>
</testsuite>